<< WHO Kurps
>> :nibiru.ix.eu.dal.net 352 Kurps * ~smlamali dff3-4d8f-e40-3690-c6d4.210.62.ip nibiru.ix.eu.dal.net Kurps H :0 Samira MLAMALI
>> :nibiru.ix.eu.dal.net 315 Kurps Kurps :End of /WHO list.


<< WHO #fdsf
>> :nibiru.ix.eu.dal.net 403 Kurps #fdsf :No such channel

<< WHO ploupi
>> :nibiru.ix.eu.dal.net 315 Kurps ploupi :End of /WHO list.


<< WHO #lobby <============Hors channel
>> :nibiru.ix.eu.dal.net 315 Kurps #lobby :End of /WHO list.

<< JOIN #lobby
>> :Kurps!~smlamali@dff3-4d8f-e40-3690-c6d4.210.62.ip JOIN :#lobby
>> :nibiru.ix.eu.dal.net 332 Kurps #lobby :11,1Welcome to #Lobby ;)
>> :nibiru.ix.eu.dal.net 333 Kurps #lobby ChattingKing!~Lone@876b-98a2-d29e-db4e-d485.77.178.ip 1734072739
>> :nibiru.ix.eu.dal.net 353 Kurps = #lobby :Kurps +LDa224 
>> :nibiru.ix.eu.dal.net 366 Kurps #lobby :End of /NAMES list.
<< MODE #lobby
>> :nibiru.ix.eu.dal.net 324 Kurps #lobby +tn 
--> chanquery mode
<< WHO #lobby
>> :nibiru.ix.eu.dal.net 329 Kurps #lobby 1738091841
--> event 329
>> :nibiru.ix.eu.dal.net 352 Kurps #lobby ~smlamali dff3-4d8f-e40-3690-c6d4.210.62.ip nibiru.ix.eu.dal.net Kurps H :0 Samira MLAMALI
--> silent event who
>> :nibiru.ix.eu.dal.net 352 Kurps #lobby sid678542 db23-2969-a31a-9022-3e35.hampstead.irccloud.com atw.hu.eu.dal.net LDa224 G+ :3 NTA
--> silent event who
>> :nibiru.ix.eu.dal.net 315 Kurps #lobby :End of /WHO list.
--> chanquery who end
<< MODE #lobby b
>> :nibiru.ix.eu.dal.net 368 Kurps #lobby :End of Channel Ban List
--> chanquery ban end


<< WHO #lobby <===========Dans channel
>> :nibiru.ix.eu.dal.net 352 Kurps #lobby ~smlamali dff3-4d8f-e40-3690-c6d4.210.62.ip nibiru.ix.eu.dal.net Kurps H :0 Samira MLAMALI
>> :nibiru.ix.eu.dal.net 352 Kurps #lobby sid678542 db23-2969-a31a-9022-3e35.hampstead.irccloud.com atw.hu.eu.dal.net LDa224 G+ :3 NTA
>> :nibiru.ix.eu.dal.net 315 Kurps #lobby :End of /WHO list.
<< PING nibiru.ix.eu.dal.net
>> :nibiru.ix.eu.dal.net PONG nibiru.ix.eu.dal.net :Kurps
--> lag pong

<< WHO LDa224 <=============user dans #lobby (etant dans lobby)
>> :nibiru.ix.eu.dal.net 352 Kurps * sid678542 db23-2969-a31a-9022-3e35.hampstead.irccloud.com atw.hu.eu.dal.net LDa224 G :3 NTA
>> :nibiru.ix.eu.dal.net 315 Kurps LDa224 :End of /WHO list.


<< WHO LDa224 <================= Hors channel commun
>> :nibiru.ix.eu.dal.net 352 Kurps * sid678542 db23-2969-a31a-9022-3e35.hampstead.irccloud.com atw.hu.eu.dal.net LDa224 G :3 NTA
>> :nibiru.ix.eu.dal.net 315 Kurps LDa224 :End of /WHO list.


/////////////////#lobby//////////////////////
<< WHO #lobby <============== /who devient /who #lobby (rien return hors chan)
>> :nibiru.ix.eu.dal.net 352 Kurps #lobby ~smlamali dff3-4d8f-e40-3690-c6d4.210.62.ip nibiru.ix.eu.dal.net Kurps H :0 Samira MLAMALI
>> :nibiru.ix.eu.dal.net 352 Kurps #lobby sid678542 db23-2969-a31a-9022-3e35.hampstead.irccloud.com atw.hu.eu.dal.net LDa224 G+ :3 NTA
>> :nibiru.ix.eu.dal.net 315 Kurps #lobby :End of /WHO list.
