<< MODE #irssi +l
>> :choopa.nj.us.dal.net 482 kurosan #irssi :You're not channel operator
<< PING choopa.nj.us.dal.net
>> :choopa.nj.us.dal.net PONG choopa.nj.us.dal.net :kurosan
--> lag pong
<< PING choopa.nj.us.dal.net
>> :choopa.nj.us.dal.net PONG choopa.nj.us.dal.net :kurosan
--> lag pong
<< PING choopa.nj.us.dal.net
>> :choopa.nj.us.dal.net PONG choopa.nj.us.dal.net :kurosan
--> lag pong
<< PING choopa.nj.us.dal.net
>> :choopa.nj.us.dal.net PONG choopa.nj.us.dal.net :kurosan
--> lag pong
<< PING choopa.nj.us.dal.net
>> :choopa.nj.us.dal.net PONG choopa.nj.us.dal.net :kurosan
--> lag pong
<< PING choopa.nj.us.dal.net
>> :choopa.nj.us.dal.net PONG choopa.nj.us.dal.net :kurosan
--> lag pong
<< PING choopa.nj.us.dal.net
>> :choopa.nj.us.dal.net PONG choopa.nj.us.dal.net :kurosan
--> lag pong
<< PING choopa.nj.us.dal.net
>> :choopa.nj.us.dal.net PONG choopa.nj.us.dal.net :kurosan
--> lag pong
<< PING choopa.nj.us.dal.net
>> :choopa.nj.us.dal.net PONG choopa.nj.us.dal.net :kurosan
--> lag pong
<< PING choopa.nj.us.dal.net
>> :choopa.nj.us.dal.net PONG choopa.nj.us.dal.net :kurosan
--> lag pong
<< PING choopa.nj.us.dal.net
>> :choopa.nj.us.dal.net PONG choopa.nj.us.dal.net :kurosan
--> lag pong
<< PING choopa.nj.us.dal.net
>> :choopa.nj.us.dal.net PONG choopa.nj.us.dal.net :kurosan
--> lag pong
<< PING choopa.nj.us.dal.net
>> :choopa.nj.us.dal.net PONG choopa.nj.us.dal.net :kurosan
--> lag pong
<< PING choopa.nj.us.dal.net
>> :choopa.nj.us.dal.net PONG choopa.nj.us.dal.net :kurosan
--> lag pong
<< PING choopa.nj.us.dal.net
>> :choopa.nj.us.dal.net PONG choopa.nj.us.dal.net :kurosan
--> lag pong
<< PING choopa.nj.us.dal.net
>> :choopa.nj.us.dal.net PONG choopa.nj.us.dal.net :kurosan
--> lag pong
<< PING choopa.nj.us.dal.net
>> :choopa.nj.us.dal.net PONG choopa.nj.us.dal.net :kurosan
--> lag pong
<< PING choopa.nj.us.dal.net
>> :choopa.nj.us.dal.net PONG choopa.nj.us.dal.net :kurosan
--> lag pong
<< PING choopa.nj.us.dal.net
>> :choopa.nj.us.dal.net PONG choopa.nj.us.dal.net :kurosan
--> lag pong
<< PING choopa.nj.us.dal.net
>> :choopa.nj.us.dal.net PONG choopa.nj.us.dal.net :kurosan
--> lag pong
<< PING choopa.nj.us.dal.net
>> :choopa.nj.us.dal.net PONG choopa.nj.us.dal.net :kurosan
--> lag pong
<< PING choopa.nj.us.dal.net
>> :choopa.nj.us.dal.net PONG choopa.nj.us.dal.net :kurosan
--> lag pong
<< PING choopa.nj.us.dal.net
>> :choopa.nj.us.dal.net PONG choopa.nj.us.dal.net :kurosan
--> lag pong
<< PING choopa.nj.us.dal.net
>> :choopa.nj.us.dal.net PONG choopa.nj.us.dal.net :kurosan
--> lag pong
<< PING choopa.nj.us.dal.net
>> :choopa.nj.us.dal.net PONG choopa.nj.us.dal.net :kurosan
--> lag pong
<< PING choopa.nj.us.dal.net
>> :choopa.nj.us.dal.net PONG choopa.nj.us.dal.net :kurosan
--> lag pong
<< PING choopa.nj.us.dal.net
>> :choopa.nj.us.dal.net PONG choopa.nj.us.dal.net :kurosan
--> lag pong
<< PING choopa.nj.us.dal.net
>> :choopa.nj.us.dal.net PONG choopa.nj.us.dal.net :kurosan
--> lag pong
<< PING choopa.nj.us.dal.net
>> :choopa.nj.us.dal.net PONG choopa.nj.us.dal.net :kurosan
--> lag pong
<< PING choopa.nj.us.dal.net
>> :choopa.nj.us.dal.net PONG choopa.nj.us.dal.net :kurosan
--> lag pong
<< PING choopa.nj.us.dal.net
>> :choopa.nj.us.dal.net PONG choopa.nj.us.dal.net :kurosan
--> lag pong
<< PING choopa.nj.us.dal.net
>> :choopa.nj.us.dal.net PONG choopa.nj.us.dal.net :kurosan
--> lag pong
<< PING choopa.nj.us.dal.net
>> :choopa.nj.us.dal.net PONG choopa.nj.us.dal.net :kurosan
--> lag pong
<< PING choopa.nj.us.dal.net
>> :choopa.nj.us.dal.net PONG choopa.nj.us.dal.net :kurosan
--> lag pong
<< PING choopa.nj.us.dal.net
>> :choopa.nj.us.dal.net PONG choopa.nj.us.dal.net :kurosan
--> lag pong
<< PING choopa.nj.us.dal.net
>> :choopa.nj.us.dal.net PONG choopa.nj.us.dal.net :kurosan
--> lag pong
<< PING choopa.nj.us.dal.net
>> :choopa.nj.us.dal.net PONG choopa.nj.us.dal.net :kurosan
--> lag pong
<< PING choopa.nj.us.dal.net
>> :choopa.nj.us.dal.net PONG choopa.nj.us.dal.net :kurosan
--> lag pong
<< PING choopa.nj.us.dal.net
>> :choopa.nj.us.dal.net PONG choopa.nj.us.dal.net :kurosan
--> lag pong
<< PING choopa.nj.us.dal.net
>> :choopa.nj.us.dal.net PONG choopa.nj.us.dal.net :kurosan
--> lag pong
<< PING choopa.nj.us.dal.net
>> :choopa.nj.us.dal.net PONG choopa.nj.us.dal.net :kurosan
--> lag pong
<< PING choopa.nj.us.dal.net
>> :choopa.nj.us.dal.net PONG choopa.nj.us.dal.net :kurosan
--> lag pong
<< PING choopa.nj.us.dal.net
>> :choopa.nj.us.dal.net PONG choopa.nj.us.dal.net :kurosan
--> lag pong
<< PING choopa.nj.us.dal.net
>> :choopa.nj.us.dal.net PONG choopa.nj.us.dal.net :kurosan
--> lag pong
<< QUIT :leaving
