<< CAP LS
<< NICK Kurps
<< USER smlamali smlamali irc.dal.net :Samira MLAMALI
>> :serenity.fl.us.dal.net NOTICE AUTH :*** Looking up your hostname...
>> :serenity.fl.us.dal.net NOTICE AUTH :*** Checking Ident
>> :serenity.fl.us.dal.net NOTICE AUTH :*** Found your hostname
>> :serenity.fl.us.dal.net NOTICE AUTH :*** No Ident response
>> :serenity.fl.us.dal.net 001 Kurps :Welcome to the DALnet IRC Network Kurps!~smlamali@62.210.34.92
<< MODE Kurps +i
>> :serenity.fl.us.dal.net 002 Kurps :Your host is serenity.fl.us.dal.net, running version bahamut-2.2.2
>> :serenity.fl.us.dal.net 003 Kurps :This server was created Tue 23 Aug UTC at 2022 04:42:56 AM
>> :serenity.fl.us.dal.net 004 Kurps serenity.fl.us.dal.net bahamut-2.2.2 aAbcCdefFghHiIjkKmnoOPrRsSwxXy AbceiIjklLmMnoOpPrRsStv beIjklov
>> :serenity.fl.us.dal.net 005 Kurps NETWORK=DALnet SAFELIST MAXBANS=200 MAXCHANNELS=50 CHANNELLEN=32 KICKLEN=307 NICKLEN=30 TOPICLEN=307 MODES=6 CHANTYPES=# CHANLIMIT=#:50 PREFIX=(ohv)@%+ STATUSMSG=@%+ :are available on this server
>> :serenity.fl.us.dal.net 005 Kurps CASEMAPPING=ascii WATCH=128 SILENCE=10 ELIST=cmntu EXCEPTS INVEX CHANMODES=beI,k,jl,ciPAmMnOprRsSt MAXLIST=b:200,e:100,I:100 TARGMAX=DCCALLOW:,JOIN:,KICK:4,KILL:20,NOTICE:20,PART:,PRIVMSG:20,WHOIS:,WHOWAS: :are available on this server
>> :serenity.fl.us.dal.net 251 Kurps :There are 63 users and 6214 invisible on 39 servers
>> :serenity.fl.us.dal.net 252 Kurps 75 :IRC Operators online
>> :serenity.fl.us.dal.net 254 Kurps 3320 :channels formed
>> :serenity.fl.us.dal.net 255 Kurps :I have 263 clients and 1 servers
>> :serenity.fl.us.dal.net 265 Kurps :Current local users: 263 Max: 1393
>> :serenity.fl.us.dal.net 266 Kurps :Current global users: 6277 Max: 12060
>> :serenity.fl.us.dal.net NOTICE Kurps :*** Notice -- motd was last changed at 30/11/2020 19:09
>> :serenity.fl.us.dal.net 375 Kurps :- serenity.fl.us.dal.net Message of the Day - 
>> :serenity.fl.us.dal.net 372 Kurps :-30/11/2020 19:09
>> :serenity.fl.us.dal.net 372 Kurps :- serenity.fl.us.dal.net
>> :serenity.fl.us.dal.net 372 Kurps :- sponsored by: Kape, Inc & Datapacket.com
>> :serenity.fl.us.dal.net 372 Kurps :- admin: Mustang
>> :serenity.fl.us.dal.net 372 Kurps :- 
>> :serenity.fl.us.dal.net 372 Kurps :- Please abide by DALnet's Acceptable Use Policy:
>> :serenity.fl.us.dal.net 372 Kurps :- https://www.dal.net/aup
>> :serenity.fl.us.dal.net 372 Kurps :- 
>> :serenity.fl.us.dal.net 372 Kurps :- 
>> :serenity.fl.us.dal.net 376 Kurps :End of /MOTD command.
>> :Kurps MODE Kurps :+iH
<< PING serenity.fl.us.dal.net
>> :serenity.fl.us.dal.net PONG serenity.fl.us.dal.net :Kurps
--> lag pong
<< NICK kurp
>> :Kurps!~smlamali@9a10-c433-75b5-e053-ef1c.210.62.ip NICK :kurp
<< WHOIS kurp
>> :serenity.fl.us.dal.net 311 kurp kurp ~smlamali 9a10-c433-75b5-e053-ef1c.210.62.ip * :Samira MLAMALI
--> whois event
>> :serenity.fl.us.dal.net 338 kurp kurp :is actually ~smlamali@62.210.34.92 [62.210.34.92]
--> whois default event
>> :serenity.fl.us.dal.net 312 kurp kurp serenity.fl.us.dal.net :serenity or something
--> whois default event
>> :serenity.fl.us.dal.net 317 kurp kurp 53 1739366567 :seconds idle, signon time
--> whois default event
>> :serenity.fl.us.dal.net 318 kurp kurp :End of /WHOIS list.
--> whois end
<< WHOIS kkkuro
>> :serenity.fl.us.dal.net 401 kurp kkkuro :No such nick/channel
--> whois try whowas
<< WHOWAS kkkuro 1
>> :serenity.fl.us.dal.net 318 kurp kkkuro :End of /WHOIS list.
--> whois end
>> :serenity.fl.us.dal.net 406 kurp kkkuro :There was no such nickname
--> event empty
>> :serenity.fl.us.dal.net 369 kurp kkkuro :End of WHOWAS
--> whowas event end
<< PING serenity.fl.us.dal.net
>> :serenity.fl.us.dal.net PONG serenity.fl.us.dal.net :kurp
--> lag pong
<< MODE kurp -i
>> :kurp MODE kurp :-i
--> requested usermode change
<< PING serenity.fl.us.dal.net
>> :serenity.fl.us.dal.net PONG serenity.fl.us.dal.net :kurp
--> lag pong
<< QUIT :leaving
