<< CAP LS
<< NICK Kurps
<< USER smlamali smlamali irc.dal.net :Samira MLAMALI
>> :lair.nl.eu.dal.net NOTICE AUTH :*** Looking up your hostname...
>> :lair.nl.eu.dal.net NOTICE AUTH :*** Checking Ident
>> :lair.nl.eu.dal.net NOTICE AUTH :*** Found your hostname
>> :lair.nl.eu.dal.net NOTICE AUTH :*** No Ident response
>> :lair.nl.eu.dal.net 001 Kurps :Welcome to the DALnet IRC Network Kurps!~smlamali@62.210.33.79
<< MODE Kurps +i
>> :lair.nl.eu.dal.net 002 Kurps :Your host is lair.nl.eu.dal.net, running version bahamut-2.2.3
>> :lair.nl.eu.dal.net 003 Kurps :This server was created Tue Dec 19 2023 at 22:45:40 CET
>> :lair.nl.eu.dal.net 004 Kurps lair.nl.eu.dal.net bahamut-2.2.3 aAbcCdefFghHiIjkKmnoOPrRsSwxXy AbceiIjklLmMnoOpPrRsStv beIjklov
>> :lair.nl.eu.dal.net 005 Kurps NETWORK=DALnet SAFELIST MAXBANS=200 MAXCHANNELS=50 CHANNELLEN=32 KICKLEN=307 NICKLEN=30 TOPICLEN=307 MODES=6 CHANTYPES=# CHANLIMIT=#:50 PREFIX=(ohv)@%+ STATUSMSG=@%+ :are available on this server
>> :lair.nl.eu.dal.net 005 Kurps CASEMAPPING=ascii WATCH=128 SILENCE=10 ELIST=cmntu EXCEPTS INVEX CHANMODES=beI,k,jl,ciPAmMnOprRsSt MAXLIST=b:200,e:100,I:100 TARGMAX=DCCALLOW:,JOIN:,KICK:4,KILL:20,NOTICE:20,PART:,PRIVMSG:20,WHOIS:,WHOWAS: :are available on this server
>> :lair.nl.eu.dal.net 251 Kurps :There are 64 users and 6689 invisible on 39 servers
>> :lair.nl.eu.dal.net 252 Kurps 78 :IRC Operators online
>> :lair.nl.eu.dal.net 254 Kurps 3420 :channels formed
>> :lair.nl.eu.dal.net 255 Kurps :I have 661 clients and 1 servers
>> :lair.nl.eu.dal.net 265 Kurps :Current local users: 661 Max: 1592
>> :lair.nl.eu.dal.net 266 Kurps :Current global users: 6753 Max: 8274
>> :lair.nl.eu.dal.net NOTICE Kurps :*** Notice -- motd was last changed at 19/6/2023 18:18
>> :lair.nl.eu.dal.net 375 Kurps :- lair.nl.eu.dal.net Message of the Day - 
>> :lair.nl.eu.dal.net 372 Kurps :-19/6/2023 18:18
>> :lair.nl.eu.dal.net 372 Kurps :-     Welcome to,
>> :lair.nl.eu.dal.net 372 Kurps :-      _       _      
>> :lair.nl.eu.dal.net 372 Kurps :-     | |     (_)     
>> :lair.nl.eu.dal.net 372 Kurps :-     | | __ _ _ _ __ 
>> :lair.nl.eu.dal.net 372 Kurps :-     | |/ _` | | '__|
>> :lair.nl.eu.dal.net 372 Kurps :-     | | (_| | | |   
>> :lair.nl.eu.dal.net 372 Kurps :-     |_|\__,_|_|_|.nl.eu.dal.net    
>> :lair.nl.eu.dal.net 372 Kurps :- 
>> :lair.nl.eu.dal.net 372 Kurps :-    *  Host.............: lair.dal.net | lair-v6.dal.net   
>> :lair.nl.eu.dal.net 372 Kurps :-    *  Ports............: 6667 - 6669, 7000 | SSL - 6697  
>> :lair.nl.eu.dal.net 372 Kurps :- 
>> :lair.nl.eu.dal.net 372 Kurps :-      Welcome to DALnet, by connecting to this network you agree to 
>> :lair.nl.eu.dal.net 372 Kurps :-    abide by its acceptable use policy, visit : http://www.dal.net/aup
>> :lair.nl.eu.dal.net 372 Kurps :- 
>> :lair.nl.eu.dal.net 372 Kurps :-        "This server has been sponsored by Psychz Networks"
>> :lair.nl.eu.dal.net 372 Kurps :- 
>> :lair.nl.eu.dal.net 372 Kurps :-              ---===[https://www.psychz.net/]===---
>> :lair.nl.eu.dal.net 372 Kurps :- 
>> :lair.nl.eu.dal.net 372 Kurps :-    -------------------------------------------------------------------
>> :lair.nl.eu.dal.net 372 Kurps :-    [%] Server Staff  =-
>> :lair.nl.eu.dal.net 372 Kurps :- 
>> :lair.nl.eu.dal.net 372 Kurps :-    .::. Administrator....:
>> :lair.nl.eu.dal.net 372 Kurps :-                           sps
>> :lair.nl.eu.dal.net 372 Kurps :- 
>> :lair.nl.eu.dal.net 372 Kurps :-    .::. Operators........:
>> :lair.nl.eu.dal.net 372 Kurps :-                           eddyk0ng
>> :lair.nl.eu.dal.net 372 Kurps :-                           Nando
>> :lair.nl.eu.dal.net 372 Kurps :-                           RallyMaster
>> :lair.nl.eu.dal.net 372 Kurps :-                           Wagoo
>> :lair.nl.eu.dal.net 372 Kurps :-                           Wheemp
>> :lair.nl.eu.dal.net 372 Kurps :-    -------------------------------------------------------------------
>> :lair.nl.eu.dal.net 372 Kurps :-    [%] Server Policies  =-
>> :lair.nl.eu.dal.net 372 Kurps :- 
>> :lair.nl.eu.dal.net 372 Kurps :-    a. No spamming or advertising allowed, if found you will be banned 
>> :lair.nl.eu.dal.net 372 Kurps :-       from this server/network.
>> :lair.nl.eu.dal.net 372 Kurps :-    b. No malicious bots, including flood and nick/channel chasers
>> :lair.nl.eu.dal.net 372 Kurps :-    c. No channel filler bots/clients/psybncs
>> :lair.nl.eu.dal.net 372 Kurps :-       #  A channel filler is a client, bnc, or bot which is connected
>> :lair.nl.eu.dal.net 372 Kurps :-          just to fill a channel and make it look bigger
>> :lair.nl.eu.dal.net 372 Kurps :-    d. Operator impersonation will not be tolerated and cause you to be
>> :lair.nl.eu.dal.net 372 Kurps :-       banned from this server/network.
>> :lair.nl.eu.dal.net 372 Kurps :- 
>> :lair.nl.eu.dal.net 372 Kurps :-            "REMEMBER IRC IS A PRIVILEGE, NOT A RIGHT"
>> :lair.nl.eu.dal.net 372 Kurps :-    -------------------------------------------------------------------
>> :lair.nl.eu.dal.net 372 Kurps :- 
>> :lair.nl.eu.dal.net 372 Kurps :-    For IRC Operator assistance /join #Operhelp
>> :lair.nl.eu.dal.net 372 Kurps :- 
>> :lair.nl.eu.dal.net 372 Kurps :-    For DALnet and General IRC related help, goto #Help
>> :lair.nl.eu.dal.net 372 Kurps :- 
>> :lair.nl.eu.dal.net 372 Kurps :-    For multi-lingual documentation - [http://docs.dal.net]
>> :lair.nl.eu.dal.net 372 Kurps :- 
>> :lair.nl.eu.dal.net 372 Kurps :-    If you have any questions/issues related to this server,
>> :lair.nl.eu.dal.net 372 Kurps :-    contact us using: lion-staff@dal.net
>> :lair.nl.eu.dal.net 372 Kurps :- 
>> :lair.nl.eu.dal.net 372 Kurps :-    Thank you for using DALnet, we hope you enjoy the stay with us.
>> :lair.nl.eu.dal.net 376 Kurps :End of /MOTD command.
>> :Kurps MODE Kurps :+iH
<< PING lair.nl.eu.dal.net
>> :lair.nl.eu.dal.net PONG lair.nl.eu.dal.net :Kurps
--> lag pong
<< JOIN #lobbyA,#lobbyB,#lobbyC
>> :Kurps!~smlamali@24ec-36af-be74-7610-f6b7.210.62.ip JOIN :#lobbyA
>> :lair.nl.eu.dal.net 353 Kurps = #lobbyA :@Kurps 
>> :lair.nl.eu.dal.net 366 Kurps #lobbyA :End of /NAMES list.
<< MODE #lobbyA
>> :Kurps!~smlamali@24ec-36af-be74-7610-f6b7.210.62.ip JOIN :#lobbyB
>> :lair.nl.eu.dal.net 353 Kurps = #lobbyB :@Kurps 
>> :lair.nl.eu.dal.net 366 Kurps #lobbyB :End of /NAMES list.
>> :Kurps!~smlamali@24ec-36af-be74-7610-f6b7.210.62.ip JOIN :#lobbyC
>> :lair.nl.eu.dal.net 353 Kurps = #lobbyC :@Kurps 
>> :lair.nl.eu.dal.net 366 Kurps #lobbyC :End of /NAMES list.
>> :lair.nl.eu.dal.net 324 Kurps #lobbyA + 
--> chanquery mode
<< MODE #lobbyB
>> :lair.nl.eu.dal.net 329 Kurps #lobbyA 1739809008
--> event 329
>> :lair.nl.eu.dal.net 324 Kurps #lobbyB + 
--> chanquery mode
<< MODE #lobbyC
>> :lair.nl.eu.dal.net 329 Kurps #lobbyB 1739809008
--> event 329
>> :lair.nl.eu.dal.net 324 Kurps #lobbyC + 
--> chanquery mode
<< WHO #lobbyA
>> :lair.nl.eu.dal.net 329 Kurps #lobbyC 1739809008
--> event 329
>> :lair.nl.eu.dal.net 352 Kurps #lobbyA ~smlamali 24ec-36af-be74-7610-f6b7.210.62.ip lair.nl.eu.dal.net Kurps H@ :0 Samira MLAMALI
--> silent event who
>> :lair.nl.eu.dal.net 315 Kurps #lobbyA :End of /WHO list.
--> chanquery who end
<< WHO #lobbyB
>> :lair.nl.eu.dal.net 352 Kurps #lobbyB ~smlamali 24ec-36af-be74-7610-f6b7.210.62.ip lair.nl.eu.dal.net Kurps H@ :0 Samira MLAMALI
--> silent event who
>> :lair.nl.eu.dal.net 315 Kurps #lobbyB :End of /WHO list.
--> chanquery who end
<< WHO #lobbyC
>> :lair.nl.eu.dal.net 352 Kurps #lobbyC ~smlamali 24ec-36af-be74-7610-f6b7.210.62.ip lair.nl.eu.dal.net Kurps H@ :0 Samira MLAMALI
--> silent event who
>> :lair.nl.eu.dal.net 315 Kurps #lobbyC :End of /WHO list.
--> chanquery who end
<< MODE #lobbyA b
>> :lair.nl.eu.dal.net 368 Kurps #lobbyA :End of Channel Ban List
--> chanquery ban end
<< PART #lobbyC
>> :Kurps!~smlamali@24ec-36af-be74-7610-f6b7.210.62.ip PART #lobbyC
<< MODE #lobbyB b
>> :lair.nl.eu.dal.net 368 Kurps #lobbyB :End of Channel Ban List
--> chanquery ban end
<< PART #lobbyB
>> :Kurps!~smlamali@24ec-36af-be74-7610-f6b7.210.62.ip PART #lobbyB
<< PART #lobbyA
>> :Kurps!~smlamali@24ec-36af-be74-7610-f6b7.210.62.ip PART #lobbyA
<< PING lair.nl.eu.dal.net
>> :lair.nl.eu.dal.net PONG lair.nl.eu.dal.net :Kurps
--> lag pong
<< QUIT :leaving
