--> lag pong
<< PING YASACO
>> PONG YASACO
--> lag pong
<< PING YASACO
>> PONG YASACO
--> lag pong
<< PING YASACO
>> PONG YASACO
--> lag pong
<< PING YASACO
>> PONG YASACO
--> lag pong
<< PING YASACO
>> PONG YASACO
--> lag pong
<< PING YASACO
>> PONG YASACO
--> lag pong
<< PING YASACO
>> PONG YASACO
--> lag pong
<< PING YASACO
>> PONG YASACO
--> lag pong
<< PING YASACO
>> PONG YASACO
--> lag pong
<< PING YASACO
>> PONG YASACO
--> lag pong
<< PING YASACO
>> PONG YASACO
--> lag pong
<< PING YASACO
>> PONG YASACO
--> lag pong
<< PING YASACO
>> PONG YASACO
--> lag pong
<< PING YASACO
>> PONG YASACO
--> lag pong
<< PING YASACO
>> PONG YASACO
--> lag pong
<< PING YASACO
>> PONG YASACO
--> lag pong
<< PING YASACO
>> PONG YASACO
--> lag pong
<< PING YASACO
>> PONG YASACO
--> lag pong
<< PING YASACO
>> PONG YASACO
--> lag pong
<< PING YASACO
>> PONG YASACO
--> lag pong
<< PING YASACO
>> PONG YASACO
--> lag pong
<< PING YASACO
>> PONG YASACO
--> lag pong
<< PING YASACO
>> PONG YASACO
--> lag pong
<< PING YASACO
>> PONG YASACO
--> lag pong
<< PING YASACO
>> PONG YASACO
--> lag pong
<< PING YASACO
>> PONG YASACO
--> lag pong
<< PING YASACO
>> PONG YASACO
--> lag pong
<< PING YASACO
>> PONG YASACO
--> lag pong
<< PING YASACO
>> PONG YASACO
--> lag pong
<< PING YASACO
>> PONG YASACO
--> lag pong
<< PING YASACO
>> PONG YASACO
--> lag pong
<< PING YASACO
>> PONG YASACO
--> lag pong
<< PING YASACO
>> PONG YASACO
--> lag pong
<< PING YASACO
>> PONG YASACO
--> lag pong
<< PING YASACO
>> PONG YASACO
--> lag pong
<< PING YASACO
>> PONG YASACO
--> lag pong
<< PING YASACO
>> PONG YASACO
--> lag pong
<< PING YASACO
>> PONG YASACO
--> lag pong
<< PING YASACO
>> PONG YASACO
--> lag pong
<< PING YASACO
>> PONG YASACO
--> lag pong
<< PING YASACO
>> PONG YASACO
--> lag pong
<< PING YASACO
>> PONG YASACO
--> lag pong
<< PING YASACO
>> PONG YASACO
--> lag pong
<< PING YASACO
>> PONG YASACO
--> lag pong
<< PING YASACO
>> PONG YASACO
--> lag pong
<< PING YASACO
>> PONG YASACO
--> lag pong
<< PING YASACO
>> PONG YASACO
--> lag pong
<< PING YASACO
>> PONG YASACO
--> lag pong
<< PING YASACO
>> PONG YASACO
--> lag pong
<< PING YASACO
>> PONG YASACO
--> lag pong
<< PING YASACO
>> PONG YASACO
--> lag pong
<< PING YASACO
>> PONG YASACO
--> lag pong
<< PING YASACO
>> PONG YASACO
--> lag pong
<< PING YASACO
>> PONG YASACO
--> lag pong
<< PING YASACO
>> PONG YASACO
--> lag pong
<< PING YASACO
>> PONG YASACO
--> lag pong
<< PING YASACO
>> PONG YASACO
--> lag pong
<< PING YASACO
>> PONG YASACO
--> lag pong
<< PING YASACO
>> PONG YASACO
--> lag pong
<< PING YASACO
>> PONG YASACO
--> lag pong
<< PING YASACO
>> PONG YASACO
--> lag pong
<< PART #lobby
>> :kuro!~kuro@127.0.0.1 PART #lobby 
<< JOIN #lobby
>> :kuro!~kuro@127.0.0.1 JOIN :#lobby
>> :YASACO 353 kuro = #lobby :@kuro
>> :YASACO 366 kuro #lobby :End of /NAMES list
<< MODE #lobby
>> :YASACO 324 kuro #lobby +
--> chanquery mode
<< WHO #lobby
>> :YASACO 352 kuro * ~kuro 127.0.0.1 YASACO kuro H :0 kuro
>> :YASACO 315 kuro kuro :End of /WHO list
>> :sam!~kuro@127.0.0.1 JOIN :#lobby
<< PING YASACO
>> PONG YASACO
--> lag pong
<< KICK #lobby sam :
>> :kuro!~kuro@kuro KICK #lobby sam :
<< QUIT :leaving
