<< CAP LS
<< NICK Kurps
<< USER smlamali smlamali 127.0.0.1 :Samira MLAMALI
>> :YASACO NOTICE * :*** We verify your nickname and user and the password ...
>> :YASACO 421 CAP :Unknown command "CAP"
>> :YASACO 003 Kurps :you are now registered as smlamali, Samira MLAMALI
>> :YASACO 001 Kurps :Welcome to the Internet Relay Network Kurps!smlamali@127.0.0.1
<< MODE Kurps +i
>> :YASACO 002 Kurps :Your host is YASACO, running version <[36mYassine [38;5;213mSamira [33mCôme[0m> 0.1
>> :Kurps MODE Kurps :+i
<< PING YASACO
>> PONG YASACO
--> lag pong
<< JOIN #puro
>> :Kurps!~smlamali@127.0.0.1 JOIN :#puro
>> :YASACO 353 Kurps = #puro :@Kurps
>> :YASACO 366 Kurps #puro :End of /NAMES list
<< MODE #puro
>> :YASACO 324 Kurps #puro +
--> chanquery mode
<< WHO #puro
>> :YASACO 352 Kurps * ~smlamali 127.0.0.1 YASACO Kurps H :0 Samira MLAMALI
>> :YASACO 315 Kurps Kurps :End of /WHO list
<< PART #puro
>> :Kurps!~smlamali@smlamali PART #puro :
<< NICK puro
>> :Kurps!~smlamali@YASACO NICK :puro
>> :YASACO : Hostname ->127.0.0.1
<< PING YASACO
>> PONG YASACO
--> lag pong
<< PING YASACO
>> PONG YASACO
--> FAILED who: chanquery abort
--> lag pong
<< PING YASACO
>> PONG YASACO
--> lag pong
<< PING YASACO
>> PONG YASACO
--> lag pong
<< PING YASACO
>> PONG YASACO
--> lag pong
