<< CAP LS
<< NICK Kurps
<< USER smlamali smlamali 127.0.0.1 :Samira MLAMALI
>> :YASACO NOTICE * :*** We verify your nickname and user and the password ...
>> :YASACO 421 CAP :Unknown command "CAP"
>> :YASACO 003 Kurps :you are now registered as smlamali, Samira MLAMALI
>> :YASACO 001 Kurps :Welcome to the Internet Relay Network Kurps!smlamali@127.0.0.1
<< MODE Kurps +i
>> :YASACO 002 Kurps :Your host is YASACO, running version <[36mYassine [38;5;213mSamira [33mCôme[0m> 0.1
>> :Kurps MODE Kurps :+i
<< PING YASACO
>> PONG YASACO
--> lag pong
<< NICK sam
>> :Kurps!~smlamali@YASACO NICK :sam
>> :YASACO : Hostname ->127.0.0.1
<< MODE Kurps -i
>> :YASACO 403 sam Kurps :No such channel
<< PING YASACO
>> PONG YASACO
--> lag pong
<< MODE sam -i
>> :sam MODE sam :-i
--> requested usermode change
<< PING YASACO
>> PONG YASACO
--> lag pong
<< PING YASACO
>> PONG YASACO
--> lag pong
<< JOIN #lobby
>> :sam!~smlamali@127.0.0.1 JOIN :#lobby
>> :YASACO 353 sam = #lobby :@sam
>> :YASACO 366 sam #lobby :End of /NAMES list
<< MODE #lobby
>> :YASACO 324 sam #lobby +
--> chanquery mode
<< WHO #lobby
>> :YASACO 352 sam * ~smlamali 127.0.0.1 YASACO sam H :0 Samira MLAMALI
>> :YASACO 315 sam sam :End of /WHO list
<< MODE #lobby +o ki
>> :YASACO 401 sam ki :No such nick
<< MODE #lobby +o puro
>> :YASACO 441 sam puro #lobby :They aren't on that channel
<< PART #lobby
>> :sam!~smlamali@smlamali PART #lobby :
<< PING YASACO
>> PONG YASACO
--> lag pong
<< PING YASACO
>> PONG YASACO
--> FAILED who: chanquery abort
--> lag pong
