<< CAP LS
<< NICK Kurps
<< USER smlamali smlamali 127.0.0.1 :Samira MLAMALI
>> :YASACO NOTICE * :*** We verify your nickname and user and the password ...
>> :YASACO 421 CAP :Unknown command "CAP"
>> :YASACO 433 *: Kurps Nickname is already in use
<< NICK Kurps_
>> :YASACO 003 * :you are now registered as smlamali, Samira MLAMALI
>> :YASACO 001 Kurps_ :Welcome to the Internet Relay Network Kurps_!smlamali@127.0.0.1
<< MODE Kurps_ +i
<< WHOIS Kurps
>> :YASACO 002 Kurps_ :Your host is YASACO, running version <[36mYassine [38;5;213mSamira [33mCôme[0m> 0.1
>> :Kurps_ MODE Kurps_ :+i
>> :YASACO 311 YASACO Kurps smlamali 127.0.0.1 * :Samira MLAMALI
--> nickfind event whois
>> :YASACO 318 Kurps :End of /WHOIS
--> event empty
<< NICK sam
>> :Kurps_!~smlamali@YASACO NICK :sam
>> :YASACO : Hostname ->127.0.0.1
<< PING YASACO
>> PONG YASACO
--> lag pong


<< JOIN #sammy
>> :sam!~smlamali@127.0.0.1 JOIN :#sammy
>> :YASACO 353 sam = #sammy :@Kurps @sam
>> :YASACO 366 sam #sammy :End of /NAMES list
<< MODE #sammy
>> :YASACO 324 sam #sammy +
--> chanquery mode
<< WHO #sammy
>> :YASACO 421 WHO :Unknown command "WHO"
