<< CAP LS
<< NICK Kurps
<< USER smlamali smlamali 127.0.0.1 :Samira MLAMALI
>> :YASACO NOTICE * :*** We verify your nickname and user and the password ...
>> :YASACO 421 CAP :Unknown command "CAP"
>> :YASACO 003 Kurps :you are now registered as smlamali, Samira MLAMALI
>> :YASACO 001 Kurps :Welcome to the Internet Relay Network Kurps!smlamali@127.0.0.1
<< MODE Kurps +i
>> :YASACO 002 Kurps :Your host is YASACO, running version <[36mYassine [38;5;213mSamira [33mCôme[0m> 0.1
<< PING YASACO
>> :Kurps MODE Kurps :+iPONG YASACO
<< MODE Kurps
>> :YASACO 221 Kurps +i
<< MODE Kurps -i
<< MODE Kurps +i
<< JOIN #lobby
>> :Kurps MODE Kurps :-i:Kurps MODE Kurps :+i:Kurps!~smlamali@127.0.0.1 JOIN :#lobby
--> requested usermode change
>> :YASACO 353 Kurps = #lobby :@Kurps
>> :YASACO 366 Kurps #lobby :End of /NAMES list
<< MODE #lobby
>> :YASACO 324 Kurps #lobby +
--> FAILED ping: lag ping error
<< PING YASACO
--> chanquery mode
<< WHO #lobby
>> PONG YASACO
--> FAILED mode user
--> lag pong
>> :YASACO 421 WHO :Unknown command "WHO"
<< MODE #lobby +i
>> :Kurps!~smlamali@127.0.0.1 MODE #lobby +i
<< MODE #lobby -i
>> :Kurps!~smlamali@127.0.0.1 MODE #lobby -i

///////////////////////
<< MODE Kurps
>> :YASACO 221 Kurps +i
<< MODE Kurps -i
<< MODE Kurps +i
<< QUIT :leaving

<< MODE Kurps -i
>> :Kurps MODE Kurps :-i
--> requested usermode change
<< MODE Kurps +i
>> :Kurps MODE Kurps :+i

///////////
<< MODE Kurps -i
>> :Kurps MODE Kurps :-i
--> requested usermode change
<< MODE Kurps +i
>> :Kurps MODE Kurps :+i
--> requested usermode change
<< JOIN #lobby
>> :Kurps!~smlamali@127.0.0.1 JOIN :#lobby
>> :YASACO 353 Kurps = #lobby :@Kurps
>> :YASACO 366 Kurps #lobby :End of /NAMES list
<< MODE #lobby
>> :YASACO 324 Kurps #lobby +
--> chanquery mode
<< WHO #lobby
>> :YASACO 421 WHO :Unknown command "WHO"
<< MODE #lobby +i
>> :Kurps!~smlamali@127.0.0.1 MODE #lobby +i
<< MODE #lobby -i
>> :Kurps!~smlamali@127.0.0.1 MODE #lobby -i
<< QUIT :leaving
