<< CAP LS
<< PASS mdp
<< NICK Kurps
<< USER smlamali smlamali 127.0.0.1 :Samira MLAMALI
>> :YASACO 421 CAP :Unknown command "CAP"
>> :YASACO NOTICE * :*** We verify your nickname and user and the password ...
>> :YASACO 003 Kurps :you are now registered as smlamali, Samira MLAMALI
>> :YASACO 001 Kurps :Welcome to the Internet Relay Network Kurps!smlamali@127.0.0.1
<< MODE Kurps +i
>> :YASACO 002 Kurps :Your host is YASACO, running version <[36mYassine [38;5;213mSamira [33mCôme[0m> 0.1
>> :Kurps MODE Kurps :+i
<< PING YASACO
>> PONG YASACO
--> lag pong
<< NICK USERB
>> :Kurps!~smlamali@YASACO NICK :USERB
>> :YASACO : Hostname ->127.0.0.1
<< JOIN #lobby
>> :USERB!~smlamali@127.0.0.1 JOIN :#lobby
>> :YASACO 353 USERB = #lobby :@USERA USERB
>> :YASACO 366 USERB #lobby :End of /NAMES list
<< MODE #lobby
>> :YASACO 324 USERB #lobby +
--> chanquery mode
<< WHO #lobby
>> :YASACO 352 USERB * ~smlamali 127.0.0.1 YASACO USERA H :0 Samira MLAMALI
>> :YASACO 315 USERB USERA :End of /WHO list
<< PRIVMSG #lobby :gegdfgd
>> :USERA!~smlamali@smlamali PART #lobby 
<< PRIVMSG #lobby :fdsfsdf
<< PART #lobby
>> :YASACO 442 USERB #lobby :You're not on that channel
