
<< JOIN #lobby
>> :Kurps!~smlamali@dff3-4d8f-e40-3690-c6d4.210.62.ip JOIN :#lobby
>> :choopa.nj.us.dal.net 332 Kurps #lobby :11,1Welcome to #Lobby ;)
>> :choopa.nj.us.dal.net 333 Kurps #lobby ChattingKing!~Lone@876b-98a2-d29e-db4e-d485.77.178.ip 1734072739
>> :choopa.nj.us.dal.net 353 Kurps = #lobby :Kurps +LDa224 
>> :choopa.nj.us.dal.net 366 Kurps #lobby :End of /NAMES list.
<< MODE #lobby
>> :choopa.nj.us.dal.net 324 Kurps #lobby +tn 
--> chanquery mode
<< WHO #lobby
>> :choopa.nj.us.dal.net 329 Kurps #lobby 1738091841
--> event 329
>> :choopa.nj.us.dal.net 352 Kurps #lobby ~smlamali dff3-4d8f-e40-3690-c6d4.210.62.ip choopa.nj.us.dal.net Kurps H :0 Samira MLAMALI
--> silent event who
>> :choopa.nj.us.dal.net 352 Kurps #lobby sid678542 db23-2969-a31a-9022-3e35.hampstead.irccloud.com atw.hu.eu.dal.net LDa224 G+ :5 NTA
--> silent event who
>> :choopa.nj.us.dal.net 315 Kurps #lobby :End of /WHO list.
--> chanquery who end
<< MODE #lobby b
>> :choopa.nj.us.dal.net 368 Kurps #lobby :End of Channel Ban List
--> chanquery ban end

<< MODE #lobby +k
>> :choopa.nj.us.dal.net 482 Kurps #lobby :You're not channel operator

<< JOIN #lobbysam
>> :Kurps!~smlamali@dff3-4d8f-e40-3690-c6d4.210.62.ip JOIN :#lobbysam
>> :choopa.nj.us.dal.net 353 Kurps = #lobbysam :@Kurps 
>> :choopa.nj.us.dal.net 366 Kurps #lobbysam :End of /NAMES list.
<< MODE #lobbysam
>> :choopa.nj.us.dal.net 324 Kurps #lobbysam + 
--> chanquery mode
<< WHO #lobbysam
>> :choopa.nj.us.dal.net 329 Kurps #lobbysam 1741363688
--> event 329
>> :choopa.nj.us.dal.net 352 Kurps #lobbysam ~smlamali dff3-4d8f-e40-3690-c6d4.210.62.ip choopa.nj.us.dal.net Kurps H@ :0 Samira MLAMALI
--> silent event who
>> :choopa.nj.us.dal.net 315 Kurps #lobbysam :End of /WHO list.
--> chanquery who end
<< MODE #lobbysam b
>> :choopa.nj.us.dal.net 368 Kurps #lobbysam :End of Channel Ban List
--> chanquery ban end

<< MODE k
>> :choopa.nj.us.dal.net 502 Kurps :Can't change mode for other users
<< MODE #lobbysam +k key
>> :Kurps!~smlamali@dff3-4d8f-e40-3690-c6d4.210.62.ip MODE #lobbysam +k key

<< QUIT :leaving
