<< CAP LS
<< NICK Kurps
<< USER smlamali smlamali irc.dal.net :Samira MLAMALI
>> :bifrost.ca.us.dal.net NOTICE AUTH :*** Looking up your hostname...
>> :bifrost.ca.us.dal.net NOTICE AUTH :*** Checking Ident
>> :bifrost.ca.us.dal.net NOTICE AUTH :*** Found your hostname
>> :bifrost.ca.us.dal.net NOTICE AUTH :*** No Ident response
>> :bifrost.ca.us.dal.net 001 Kurps :Welcome to the DALnet IRC Network Kurps!~smlamali@62.210.32.139
<< MODE Kurps +i
>> :bifrost.ca.us.dal.net 002 Kurps :Your host is bifrost.ca.us.dal.net, running version bahamut-2.2.2
>> :bifrost.ca.us.dal.net 003 Kurps :This server was created Wed Oct 12 2022 at 17:21:47 EDT
>> :bifrost.ca.us.dal.net 004 Kurps bifrost.ca.us.dal.net bahamut-2.2.2 aAbcCdefFghHiIjkKmnoOPrRsSwxXy AbceiIjklLmMnoOpPrRsStv beIjklov
>> :bifrost.ca.us.dal.net 005 Kurps NETWORK=DALnet SAFELIST MAXBANS=200 MAXCHANNELS=30 CHANNELLEN=32 KICKLEN=307 NICKLEN=30 TOPICLEN=307 MODES=6 CHANTYPES=# CHANLIMIT=#:30 PREFIX=(ohv)@%+ STATUSMSG=@%+ :are available on this server
>> :bifrost.ca.us.dal.net 005 Kurps CASEMAPPING=ascii WATCH=128 SILENCE=10 ELIST=cmntu EXCEPTS INVEX CHANMODES=beI,k,jl,ciPAmMnOprRsSt MAXLIST=b:200,e:100,I:100 TARGMAX=DCCALLOW:,JOIN:,KICK:4,KILL:20,NOTICE:20,PART:,PRIVMSG:20,WHOIS:,WHOWAS: :are available on this server
>> :bifrost.ca.us.dal.net 251 Kurps :There are 70 users and 6802 invisible on 37 servers
>> :bifrost.ca.us.dal.net 252 Kurps 70 :IRC Operators online
>> :bifrost.ca.us.dal.net 254 Kurps 3402 :channels formed
>> :bifrost.ca.us.dal.net 255 Kurps :I have 193 clients and 1 servers
>> :bifrost.ca.us.dal.net 265 Kurps :Current local users: 193 Max: 601
>> :bifrost.ca.us.dal.net 266 Kurps :Current global users: 6872 Max: 12060
>> :bifrost.ca.us.dal.net NOTICE Kurps :*** Notice -- motd was last changed at 7/10/2024 22:36
>> :bifrost.ca.us.dal.net NOTICE Kurps :*** Notice -- Please read the motd if you haven't read it
>> :bifrost.ca.us.dal.net 375 Kurps :- bifrost.ca.us.dal.net Message of the Day - 
>> :bifrost.ca.us.dal.net 372 Kurps :-   
>> :bifrost.ca.us.dal.net 372 Kurps :-            *
>> :bifrost.ca.us.dal.net 372 Kurps :- *  /\     The rainbow bridge
>> :bifrost.ca.us.dal.net 372 Kurps :-       (())  leading from Asgard to Midgard.
>> :bifrost.ca.us.dal.net 372 Kurps :-      ((OO))*    
>> :bifrost.ca.us.dal.net 372 Kurps :-       (())  _     _  __               _
>> :bifrost.ca.us.dal.net 372 Kurps :-    00      | |__ (_)/ _|_ __ ___  ___| |_
>> :bifrost.ca.us.dal.net 372 Kurps :-    ||)     | '_ \| | |_| '__/ _ \/ __| __|
>> :bifrost.ca.us.dal.net 372 Kurps :-    |/      | |_) | |  _| | | (_) \__ \ |_
>> :bifrost.ca.us.dal.net 372 Kurps :-   (||      |_.__/|_|_| |_|  \___/|___/\__|
>> :bifrost.ca.us.dal.net 372 Kurps :-    ||                bifrost.ca.us.dal.net
>> :bifrost.ca.us.dal.net 372 Kurps :-    ||)   
>> :bifrost.ca.us.dal.net 372 Kurps :-    |/   .__Administrators___________________.
>> :bifrost.ca.us.dal.net 372 Kurps :-   (||   | * heimdall   [heimdall@dal.net]   |
>> :bifrost.ca.us.dal.net 372 Kurps :-    ||   | * tau        [tau@dal.net]        |
>> :bifrost.ca.us.dal.net 372 Kurps :-    ||)  |                                   |
>> :bifrost.ca.us.dal.net 372 Kurps :-    |/   .__Operators________________________.
>> :bifrost.ca.us.dal.net 372 Kurps :-   (||   | * adam       [adam@dal.net]       |
>> :bifrost.ca.us.dal.net 372 Kurps :-    ||   | * chalcedony [chalcedony@dal.net] |
>> :bifrost.ca.us.dal.net 372 Kurps :-    ||)  | * Estella    [estella@dal.net]    |
>> :bifrost.ca.us.dal.net 372 Kurps :-    |/   | * jeian      [jeian@dal.net]      |
>> :bifrost.ca.us.dal.net 372 Kurps :-   (||   | * knas       [knas@dal.net]       |
>> :bifrost.ca.us.dal.net 372 Kurps :-    ||   | * phil       [phil@dal.net]       |
>> :bifrost.ca.us.dal.net 372 Kurps :-    ||)  | * Mobscene   [mobscene@dal.net]   |
>> :bifrost.ca.us.dal.net 372 Kurps :-    |/   |                                   |
>> :bifrost.ca.us.dal.net 372 Kurps :-   (||   .__Rules____________________________.
>> :bifrost.ca.us.dal.net 372 Kurps :-    ||   | * No malicious bots.              |
>> :bifrost.ca.us.dal.net 372 Kurps :-    ||)  | * No channel fillers of any kind. |
>> :bifrost.ca.us.dal.net 372 Kurps :-    |/   | * No user/operator impersonators. |
>> :bifrost.ca.us.dal.net 372 Kurps :-   (|/   |                                   |
>> :bifrost.ca.us.dal.net 372 Kurps :-    ||   .__Channels_________________________.
>> :bifrost.ca.us.dal.net 372 Kurps :-    ||   | * #OperHelp -> IRC Operator help  |
>> :bifrost.ca.us.dal.net 372 Kurps :-    ||   | * #Help -> IRC/services help      |
>> :bifrost.ca.us.dal.net 372 Kurps :-    ||   | * #Dragonrealm -> Network base    |
>> :bifrost.ca.us.dal.net 372 Kurps :-   (OO)   ~~~~~~~~~~~~~~~~~~~~~~~~~~~~~~~~~~~
>> :bifrost.ca.us.dal.net 372 Kurps :-    ()
>> :bifrost.ca.us.dal.net 372 Kurps :- 
>> :bifrost.ca.us.dal.net 372 Kurps :-        In loving memory of Carlos Anibarro.
>> :bifrost.ca.us.dal.net 372 Kurps :- 
>> :bifrost.ca.us.dal.net 372 Kurps :-    By connecting to this network, you agree to
>> :bifrost.ca.us.dal.net 372 Kurps :-    abide by its acceptable use policy (AUP), 
>> :bifrost.ca.us.dal.net 372 Kurps :-    available on our website: 
>> :bifrost.ca.us.dal.net 372 Kurps :-                      https://www.dal.net/aup 
>> :bifrost.ca.us.dal.net 376 Kurps :End of /MOTD command.
>> :Kurps MODE Kurps :+iH
<< PING bifrost.ca.us.dal.net
>> :bifrost.ca.us.dal.net PONG bifrost.ca.us.dal.net :Kurps
--> lag pong
<< JOIN #lobbysam
>> :Kurps!~smlamali@4f75-9ba9-7065-62dd-c9f.210.62.ip JOIN :#lobbysam
>> :bifrost.ca.us.dal.net 353 Kurps = #lobbysam :@Kurps 
>> :bifrost.ca.us.dal.net 366 Kurps #lobbysam :End of /NAMES list.
<< MODE #lobbysam
>> :bifrost.ca.us.dal.net 324 Kurps #lobbysam + 
--> chanquery mode
<< WHO #lobbysam
>> :bifrost.ca.us.dal.net 329 Kurps #lobbysam 1741541006
--> event 329
>> :bifrost.ca.us.dal.net 352 Kurps #lobbysam ~smlamali 4f75-9ba9-7065-62dd-c9f.210.62.ip bifrost.ca.us.dal.net Kurps H@ :0 Samira MLAMALI
--> silent event who
>> :bifrost.ca.us.dal.net 315 Kurps #lobbysam :End of /WHO list.
--> chanquery who end
<< MODE #lobbysam b
>> :bifrost.ca.us.dal.net 368 Kurps #lobbysam :End of Channel Ban List
--> chanquery ban end
<< PING bifrost.ca.us.dal.net
>> :bifrost.ca.us.dal.net PONG bifrost.ca.us.dal.net :Kurps
--> lag pong
>> :kurosam!~smlamali@4f75-9ba9-7065-62dd-c9f.210.62.ip JOIN :#lobbysam
>> :kurosam!~smlamali@4f75-9ba9-7065-62dd-c9f.210.62.ip QUIT :Quit: leaving
<< QUIT :leaving
