<< JOIN #a
>> :yatsu!~yatsu@gamesurge-76bf7f21.w90-7.abo.wanadoo.fr JOIN #a
>> :NuclearFallout.WA.US.GameSurge.net 353 yatsu = #a :@yatsu
>> :NuclearFallout.WA.US.GameSurge.net 366 yatsu #a :End of /NAMES list.

<< MODE #a
>> :NuclearFallout.WA.US.GameSurge.net 324 yatsu #a + 
--> chanquery mode

<< WHO #a
>> :NuclearFallout.WA.US.GameSurge.net 329 yatsu #a 1741113774
--> event 329
>> :NuclearFallout.WA.US.GameSurge.net 352 yatsu #a ~yatsu gamesurge-76bf7f21.w90-7.abo.wanadoo.fr *.GameSurge.net yatsu H@x :0 yatsu
--> silent event who
>> :NuclearFallout.WA.US.GameSurge.net 315 yatsu #a :End of /WHO list.
--> chanquery who end

<< MODE #a b
>> :NuclearFallout.WA.US.GameSurge.net 368 yatsu #a :End of Channel Ban List
--> chanquery ban end

<< INVITE yatsu_ #a
>> :NuclearFallout.WA.US.GameSurge.net 341 yatsu yatsu_ #a
>> :yatsu_!~yatsu@gamesurge-76bf7f21.w90-7.abo.wanadoo.fr JOIN #a

<< KICK #a yatsu_ :
>> :yatsu!~yatsu@gamesurge-76bf7f21.w90-7.abo.wanadoo.fr KICK #a yatsu_ :yatsu

<< PING NuclearFallout.WA.US.GameSurge.net
>> :NuclearFallout.WA.US.GameSurge.net PONG NuclearFallout.WA.US.GameSurge.net :NuclearFallout.WA.US.GameSurge.net
--> lag pong

<< TOPIC #a :"test du chanelle a"
>> :yatsu!~yatsu@gamesurge-76bf7f21.w90-7.abo.wanadoo.fr TOPIC #a :"test du chanelle a"
>> :yatsu_!~yatsu@gamesurge-76bf7f21.w90-7.abo.wanadoo.fr JOIN #a
>> :yatsu_!~yatsu@gamesurge-76bf7f21.w90-7.abo.wanadoo.fr QUIT :Quit: leaving

<< QUIT :leaving
