<< CAP LS
<< NICK yzaoui
<< USER yzaoui yzaoui 127.0.0.1 :Yassine ZAOUI
>> :YASACO NOTICE * :*** We verify your nickname and user and the password ...
>> :YASACO 421 CAP :Unknown command "CAP"
>> :YASACO 003 yzaoui :you are now registered as yzaoui, Yassine ZAOUI
>> :YASACO 001 yzaoui :Welcome to the Internet Relay Network yzaoui!yzaoui@127.0.0.1
<< MODE yzaoui +i
>> :YASACO 002 yzaoui :Your host is YASACO, running version <[36mYassine [38;5;213mSamira [33mCôme[0m> 0.1
>> :yzaoui MODE yzaoui :+i
<< PING YASACO
>> PONG YASACO
--> lag pong
<< JOIN #lobby
>> :yzaoui!~yzaoui@127.0.0.1 JOIN :#lobby
>> :YASACO 332 yzaoui #lobby :
>> :YASACO 353 yzaoui = #lobby :@yzaoui
>> :YASACO 366 yzaoui#lobby :End of /NAMES list#lobby
<< QUIT :leaving
<< CAP LS
<< NICK yzaoui
<< USER yzaoui yzaoui 127.0.0.1 :Yassine ZAOUI
>> :YASACO NOTICE * :*** We verify your nickname and user and the password ...
>> :YASACO 421 CAP :Unknown command "CAP"
>> :YASACO 003 yzaoui :you are now registered as yzaoui, Yassine ZAOUI
>> :YASACO 001 yzaoui :Welcome to the Internet Relay Network yzaoui!yzaoui@127.0.0.1
<< MODE yzaoui +i
>> :YASACO 002 yzaoui :Your host is YASACO, running version <[36mYassine [38;5;213mSamira [33mCôme[0m> 0.1
>> :yzaoui MODE yzaoui :+i
<< PING YASACO
>> PONG YASACO
--> lag pong
<< JOIN #lobby
>> :yzaoui!~yzaoui@127.0.0.1 JOIN :#lobby
>> :YASACO 353 yzaoui = #lobby :@yzaoui
>> :YASACO 366 yzaoui#lobby :End of /NAMES list#lobby
<< QUIT :leaving
