////////////////////////////////// Tests de reference avec EFNET

<< JOIN #lobby
>> :Kurps!~smlamali@62.210.33.216 JOIN :#lobby
>> :irc.efnet.nl 332 Kurps #lobby :HAPPY BIRTHDAY WYLDE!!!!!
>> :irc.efnet.nl 333 Kurps #lobby Rein!~Rein@ec2-44-232-131-126.us-west-2.compute.amazonaws.com 1679671570
>> :irc.efnet.nl 353 Kurps @ #lobby :Kurps @infro` Angelz LDa224 y @Physicist @Florist @Scientist @[maj] @wylde @monguse @maj darthbane @sum okidoki
>> :irc.efnet.nl 366 Kurps #lobby :End of /NAMES list.


<< JOIN #lobbyA
>> :Kurps!~smlamali@62.210.33.216 JOIN :#lobbyA
>> :irc.efnet.nl MODE #lobbyA +nt
>> :irc.efnet.nl 353 Kurps = #lobbyA :@Kurps
>> :irc.efnet.nl 366 Kurps #lobbyA :End of /NAMES list.

//////////////////////////////////// Mes tests

=========="JOIN :"  => ":" retiré
<< JOIN #lobbyA
>> :sam!~smlamali@127.0.0.1 JOIN #lobbyA
>> :YASACO 353 sam = #lobbyA :smlamali <=== ne s'affiche pas
>> :YASACO 366 #lobbyA :End of /NAMES list

========== ajout de '@' devant chaque nom dans la liste user
<< JOIN #lobby
>> :Kurps!~smlamali@127.0.0.1 JOIN #lobby
>> :YASACO 353 Kurps = #lobby :@smlamali
>> :YASACO 366 #lobby :End of /NAMES list
<< QUIT :leaving


==========ENCORE PLUS CASSÉ (ajout de nick derniere ligne) (a corriger: manque space)
<< JOIN #lobby
>> :Kurps!~smlamali@127.0.0.1 JOIN :#lobby
>> :YASACO 353 sam = #lobbyA :smlamali <=== ne s'affiche pas
>> :YASACO 353 Kurps = #lobby :@smlamali 
>> :YASACO 366 Kurps#lobby :End of /NAMES list  << CAP LS


=====fonctionnel (juste affiche [@smlamali][Kurps] 1 normal, 1op... a verifier)
<< JOIN #lobbyB
>> :Kurps!~smlamali@127.0.0.1 JOIN :#lobbyB
>> :YASACO 353 Kurps = #lobbyB :@smlamali
>> :YASACO 366 Kurps #lobbyB :End of /NAMES list
<< MODE #lobbyB
>> :YASACO 461 Kurps MODE :Not enough parameters
<< QUIT :leaving
