<< WHO #lobby
>> :punch.wa.us.dal.net 315 Kurps #lobby :End of /WHO list.
<< JOIN #lobby
>> :Kurps!~smlamali@4f75-9ba9-7065-62dd-c9f.210.62.ip JOIN :#lobby
>> :punch.wa.us.dal.net 332 Kurps #lobby :11,1Welcome to #Lobby ;)
>> :punch.wa.us.dal.net 333 Kurps #lobby ChattingKing!~Lone@876b-98a2-d29e-db4e-d485.77.178.ip 1734072739
>> :punch.wa.us.dal.net 353 Kurps = #lobby :Kurps @Sin +LDa224 
>> :punch.wa.us.dal.net 366 Kurps #lobby :End of /NAMES list.
<< MODE #lobby
>> :punch.wa.us.dal.net 324 Kurps #lobby +tn 
--> chanquery mode
<< WHO #lobby
>> :punch.wa.us.dal.net 329 Kurps #lobby 1738091841
--> event 329
>> :punch.wa.us.dal.net 352 Kurps #lobby ~smlamali 4f75-9ba9-7065-62dd-c9f.210.62.ip punch.wa.us.dal.net Kurps H :0 Samira MLAMALI
--> silent event who
>> :punch.wa.us.dal.net 352 Kurps #lobby ~SteveJ d081-249e-c25c-4a81-2059.112.97.ip atw.hu.eu.dal.net Sin H@ :6 ...
--> silent event who
>> :punch.wa.us.dal.net 352 Kurps #lobby sid678542 db23-2969-a31a-9022-3e35.hampstead.irccloud.com atw.hu.eu.dal.net LDa224 G+ :6 NTA
--> silent event who
>> :punch.wa.us.dal.net 315 Kurps #lobby :End of /WHO list.
--> chanquery who end
<< MODE #lobby b
>> :punch.wa.us.dal.net 368 Kurps #lobby :End of Channel Ban List
--> chanquery ban end
<< WHO #lobby
>> :punch.wa.us.dal.net 352 Kurps #lobby ~smlamali 4f75-9ba9-7065-62dd-c9f.210.62.ip punch.wa.us.dal.net Kurps H :0 Samira MLAMALI
>> :punch.wa.us.dal.net 352 Kurps #lobby ~SteveJ d081-249e-c25c-4a81-2059.112.97.ip atw.hu.eu.dal.net Sin H@ :6 ...
>> :punch.wa.us.dal.net 352 Kurps #lobby sid678542 db23-2969-a31a-9022-3e35.hampstead.irccloud.com atw.hu.eu.dal.net LDa224 G+ :6 NTA
>> :punch.wa.us.dal.net 315 Kurps #lobby :End of /WHO list.
<< PING punch.wa.us.dal.net
>> :punch.wa.us.dal.net PONG punch.wa.us.dal.net :Kurps
--> lag pong
<< PING punch.wa.us.dal.net
>> :punch.wa.us.dal.net PONG punch.wa.us.dal.net :Kurps
--> lag pong
>> :samiraK!~smlamali@4f75-9ba9-7065-62dd-c9f.210.62.ip JOIN :#lobby
<< PING punch.wa.us.dal.net
>> :punch.wa.us.dal.net PONG punch.wa.us.dal.net :Kurps
--> lag pong
>> :samiraK!~smlamali@4f75-9ba9-7065-62dd-c9f.210.62.ip QUIT :Quit: Lost terminal
<< QUIT :Lost terminal
